  DialogBox.cpp
e:\omkar\gokhale sir\calculator\dialogbox.cpp(112): warning C4312: 'type cast': conversion from 'LONG' to 'HINSTANCE' of greater size
e:\omkar\gokhale sir\calculator\dialogbox.cpp(149): warning C4244: 'return': conversion from 'INT_PTR' to 'BOOL', possible loss of data
e:\omkar\gokhale sir\calculator\dialogbox.cpp(195): warning C4244: 'argument': conversion from 'float' to 'int', possible loss of data
e:\omkar\gokhale sir\calculator\dialogbox.cpp(237): warning C4244: 'argument': conversion from 'float' to 'int', possible loss of data
e:\omkar\gokhale sir\calculator\dialogbox.cpp(279): warning C4244: 'argument': conversion from 'float' to 'int', possible loss of data
e:\omkar\gokhale sir\calculator\dialogbox.cpp(321): warning C4244: 'argument': conversion from 'float' to 'int', possible loss of data
e:\omkar\gokhale sir\calculator\dialogbox.cpp(363): warning C4244: 'argument': conversion from 'float' to 'int', possible loss of data
e:\omkar\gokhale sir\calculator\dialogbox.cpp(405): warning C4244: 'argument': conversion from 'float' to 'int', possible loss of data
e:\omkar\gokhale sir\calculator\dialogbox.cpp(447): warning C4244: 'argument': conversion from 'float' to 'int', possible loss of data
e:\omkar\gokhale sir\calculator\dialogbox.cpp(489): warning C4244: 'argument': conversion from 'float' to 'int', possible loss of data
e:\omkar\gokhale sir\calculator\dialogbox.cpp(531): warning C4244: 'argument': conversion from 'float' to 'int', possible loss of data
e:\omkar\gokhale sir\calculator\dialogbox.cpp(573): warning C4244: 'argument': conversion from 'float' to 'int', possible loss of data
e:\omkar\gokhale sir\calculator\dialogbox.cpp(599): warning C4244: 'argument': conversion from 'float' to 'int', possible loss of data
e:\omkar\gokhale sir\calculator\dialogbox.cpp(638): warning C4244: 'initializing': conversion from 'float' to 'int', possible loss of data
e:\omkar\gokhale sir\calculator\dialogbox.cpp(638): warning C4244: 'initializing': conversion from 'float' to 'const int', possible loss of data
e:\omkar\gokhale sir\calculator\dialogbox.cpp(684): warning C4244: '=': conversion from 'int' to 'float', possible loss of data
e:\omkar\gokhale sir\calculator\dialogbox.cpp(685): warning C4477: 'swprintf_s' : format string '%d' requires an argument of type 'int', but variadic argument 1 has type 'double'
e:\omkar\gokhale sir\calculator\dialogbox.cpp(696): warning C4477: 'swprintf_s' : format string '%d' requires an argument of type 'int', but variadic argument 1 has type 'double'
e:\omkar\gokhale sir\calculator\dialogbox.cpp(698): warning C4477: 'swprintf_s' : format string '%d' requires an argument of type 'int', but variadic argument 1 has type 'double'
e:\omkar\gokhale sir\calculator\dialogbox.cpp(700): warning C4477: 'swprintf_s' : format string '%d' requires an argument of type 'int', but variadic argument 1 has type 'double'
  Calculator.vcxproj -> E:\Omkar\Gokhale Sir\Calculator\x64\Debug\Calculator.exe
